<?xml version="1.0" encoding="UTF-8"?>
<!-- Generated by org.testng.reporters.JUnitReportReporter -->
<testsuite hostname="Soumyansh-PC" name="WordDocWithScreenshotTest" tests="1" failures="0" timestamp="3 Aug 2018 14:12:15 GMT" time="16.023" errors="0">
  <testcase name="testPageTitle" time="16.023" classname="WordDocWithScreenshotTest"/>
</testsuite> <!-- WordDocWithScreenshotTest -->
