<?xml version="1.0" encoding="UTF-8"?>
<!-- Generated by org.testng.reporters.JUnitReportReporter -->
<testsuite hostname="Soumyansh-PC" name="WordDocWithScreenshotTest" tests="1" failures="0" timestamp="1 Aug 2018 19:23:33 GMT" time="19.743" errors="0">
  <testcase name="testPageTitle" time="19.743" classname="WordDocWithScreenshotTest"/>
</testsuite> <!-- WordDocWithScreenshotTest -->
